<?xml version="1.0" encoding="UTF-8"?>
<!-- Generated by org.testng.reporters.JUnitXMLReporter -->
<testsuite ignored="0" hostname="nblap196" failures="0" tests="5" name="Test" time="61.069" errors="0" timestamp="09 Feb 2021 08:17:56 GMT">
  <testcase classname="Com.inetBanking_001.TestCases.TestCase_002" name="loginDD" time="12.773"/>
  <testcase classname="Com.inetBanking_001.TestCases.TestCase_002" name="loginDD" time="9.221"/>
  <testcase classname="Com.inetBanking_001.TestCases.TestCase_002" name="loginDD" time="9.299"/>
  <testcase classname="Com.inetBanking_001.TestCases.TestCase_002" name="loginDD" time="9.481"/>
  <testcase classname="Com.inetBanking_001.TestCases.TestCase_002" name="loginDD" time="9.456"/>
</testsuite> <!-- Test -->
