<?xml version="1.0" encoding="UTF-8"?>
<!-- Generated by org.testng.reporters.JUnitXMLReporter -->
<testsuite ignored="0" hostname="nblap196" failures="0" tests="5" name="Test" time="63.998" errors="0" timestamp="12 Feb 2021 06:15:42 GMT">
  <testcase classname="Com.inetBanking_001.TestCases.TestCase_002" name="loginDD" time="13.338"/>
  <testcase classname="Com.inetBanking_001.TestCases.TestCase_002" name="loginDD" time="9.397"/>
  <testcase classname="Com.inetBanking_001.TestCases.TestCase_002" name="loginDD" time="9.826"/>
  <testcase classname="Com.inetBanking_001.TestCases.TestCase_002" name="loginDD" time="9.488"/>
  <testcase classname="Com.inetBanking_001.TestCases.TestCase_002" name="loginDD" time="9.71"/>
</testsuite> <!-- Test -->
