<?xml version="1.0" encoding="UTF-8"?>
<testng-results ignored="0" total="5" passed="5" failed="0" skipped="0">
  <reporter-output>
  </reporter-output>
  <suite started-at="2021-02-12T06:14:38Z" name="InetBanking" finished-at="2021-02-12T06:15:42Z" duration-ms="63998">
    <groups>
    </groups>
    <test started-at="2021-02-12T06:14:38Z" name="Test" finished-at="2021-02-12T06:15:42Z" duration-ms="63998">
      <class name="Com.inetBanking_001.TestCases.TestCase_002">
        <test-method is-config="true" signature="setUp(java.lang.String)[pri:0, instance:Com.inetBanking_001.TestCases.TestCase_002@6c7a164b]" started-at="2021-02-12T06:14:38Z" name="setUp" finished-at="2021-02-12T06:14:49Z" duration-ms="10713" status="PASS">
          <params>
            <param index="0">
              <value>
                <![CDATA[Chrome]]>
              </value>
            </param>
          </params>
          <reporter-output>
          </reporter-output>
        </test-method> <!-- setUp -->
        <test-method signature="loginDD(java.lang.String, java.lang.String)[pri:0, instance:Com.inetBanking_001.TestCases.TestCase_002@6c7a164b]" started-at="2021-02-12T06:14:49Z" name="loginDD" data-provider="loginData" finished-at="2021-02-12T06:15:03Z" duration-ms="13338" status="PASS">
          <params>
            <param index="0">
              <value>
                <![CDATA[mngr307844]]>
              </value>
            </param>
            <param index="1">
              <value>
                <![CDATA[dahUnYh]]>
              </value>
            </param>
          </params>
          <reporter-output>
          </reporter-output>
        </test-method> <!-- loginDD -->
        <test-method signature="loginDD(java.lang.String, java.lang.String)[pri:0, instance:Com.inetBanking_001.TestCases.TestCase_002@6c7a164b]" started-at="2021-02-12T06:15:03Z" name="loginDD" data-provider="loginData" finished-at="2021-02-12T06:15:12Z" duration-ms="9397" status="PASS">
          <params>
            <param index="0">
              <value>
                <![CDATA[mngr307844]]>
              </value>
            </param>
            <param index="1">
              <value>
                <![CDATA[dahUnYh]]>
              </value>
            </param>
          </params>
          <reporter-output>
          </reporter-output>
        </test-method> <!-- loginDD -->
        <test-method signature="loginDD(java.lang.String, java.lang.String)[pri:0, instance:Com.inetBanking_001.TestCases.TestCase_002@6c7a164b]" started-at="2021-02-12T06:15:12Z" name="loginDD" data-provider="loginData" finished-at="2021-02-12T06:15:22Z" duration-ms="9826" status="PASS">
          <params>
            <param index="0">
              <value>
                <![CDATA[mngr307844]]>
              </value>
            </param>
            <param index="1">
              <value>
                <![CDATA[dahUnYh]]>
              </value>
            </param>
          </params>
          <reporter-output>
          </reporter-output>
        </test-method> <!-- loginDD -->
        <test-method signature="loginDD(java.lang.String, java.lang.String)[pri:0, instance:Com.inetBanking_001.TestCases.TestCase_002@6c7a164b]" started-at="2021-02-12T06:15:22Z" name="loginDD" data-provider="loginData" finished-at="2021-02-12T06:15:31Z" duration-ms="9488" status="PASS">
          <params>
            <param index="0">
              <value>
                <![CDATA[mngr307844]]>
              </value>
            </param>
            <param index="1">
              <value>
                <![CDATA[dahUnYh]]>
              </value>
            </param>
          </params>
          <reporter-output>
          </reporter-output>
        </test-method> <!-- loginDD -->
        <test-method signature="loginDD(java.lang.String, java.lang.String)[pri:0, instance:Com.inetBanking_001.TestCases.TestCase_002@6c7a164b]" started-at="2021-02-12T06:15:31Z" name="loginDD" data-provider="loginData" finished-at="2021-02-12T06:15:41Z" duration-ms="9710" status="PASS">
          <params>
            <param index="0">
              <value>
                <![CDATA[mngr307844]]>
              </value>
            </param>
            <param index="1">
              <value>
                <![CDATA[dahUnYh]]>
              </value>
            </param>
          </params>
          <reporter-output>
          </reporter-output>
        </test-method> <!-- loginDD -->
        <test-method is-config="true" signature="tearDown()[pri:0, instance:Com.inetBanking_001.TestCases.TestCase_002@6c7a164b]" started-at="2021-02-12T06:15:41Z" name="tearDown" finished-at="2021-02-12T06:15:42Z" duration-ms="647" status="PASS">
          <reporter-output>
          </reporter-output>
        </test-method> <!-- tearDown -->
      </class> <!-- Com.inetBanking_001.TestCases.TestCase_002 -->
    </test> <!-- Test -->
  </suite> <!-- InetBanking -->
</testng-results>
