<?xml version="1.0" encoding="UTF-8"?>
<testsuite name="TestSuite" time="13.348" tests="5" errors="0" skipped="0" failures="0">
  <properties>
[...]
</properties>
  <testcase name="loginDD" classname="Com.inetBanking_001.TestCases.TestCase_002" time="13.348"/>
  <testcase name="loginDD" classname="Com.inetBanking_001.TestCases.TestCase_002" time="9.395"/>
  <testcase name="loginDD" classname="Com.inetBanking_001.TestCases.TestCase_002" time="9.826"/>
  <testcase name="loginDD" classname="Com.inetBanking_001.TestCases.TestCase_002" time="9.488"/>
  <testcase name="loginDD" classname="Com.inetBanking_001.TestCases.TestCase_002" time="9.71"/>
</testsuite>