<?xml version="1.0" encoding="UTF-8"?>
<testng-results ignored="0" total="5" passed="5" failed="0" skipped="0">
  <reporter-output>
  </reporter-output>
  <suite started-at="2021-02-09T08:16:55Z" name="InetBanking" finished-at="2021-02-09T08:17:56Z" duration-ms="61069">
    <groups>
    </groups>
    <test started-at="2021-02-09T08:16:55Z" name="Test" finished-at="2021-02-09T08:17:56Z" duration-ms="61069">
      <class name="Com.inetBanking_001.TestCases.TestCase_002">
        <test-method is-config="true" signature="setUp(java.lang.String)[pri:0, instance:Com.inetBanking_001.TestCases.TestCase_002@235ecd9f]" started-at="2021-02-09T08:16:56Z" name="setUp" finished-at="2021-02-09T08:17:04Z" duration-ms="7867" status="PASS">
          <params>
            <param index="0">
              <value>
                <![CDATA[Chrome]]>
              </value>
            </param>
          </params>
          <reporter-output>
          </reporter-output>
        </test-method> <!-- setUp -->
        <test-method signature="loginDD(java.lang.String, java.lang.String)[pri:0, instance:Com.inetBanking_001.TestCases.TestCase_002@235ecd9f]" started-at="2021-02-09T08:17:05Z" name="loginDD" data-provider="loginData" finished-at="2021-02-09T08:17:18Z" duration-ms="12773" status="PASS">
          <params>
            <param index="0">
              <value>
                <![CDATA[mngr307844]]>
              </value>
            </param>
            <param index="1">
              <value>
                <![CDATA[dahUnYh]]>
              </value>
            </param>
          </params>
          <reporter-output>
          </reporter-output>
        </test-method> <!-- loginDD -->
        <test-method signature="loginDD(java.lang.String, java.lang.String)[pri:0, instance:Com.inetBanking_001.TestCases.TestCase_002@235ecd9f]" started-at="2021-02-09T08:17:18Z" name="loginDD" data-provider="loginData" finished-at="2021-02-09T08:17:27Z" duration-ms="9221" status="PASS">
          <params>
            <param index="0">
              <value>
                <![CDATA[mngr307844]]>
              </value>
            </param>
            <param index="1">
              <value>
                <![CDATA[dahUnYh]]>
              </value>
            </param>
          </params>
          <reporter-output>
          </reporter-output>
        </test-method> <!-- loginDD -->
        <test-method signature="loginDD(java.lang.String, java.lang.String)[pri:0, instance:Com.inetBanking_001.TestCases.TestCase_002@235ecd9f]" started-at="2021-02-09T08:17:27Z" name="loginDD" data-provider="loginData" finished-at="2021-02-09T08:17:36Z" duration-ms="9299" status="PASS">
          <params>
            <param index="0">
              <value>
                <![CDATA[mngr307844]]>
              </value>
            </param>
            <param index="1">
              <value>
                <![CDATA[dahUnYh]]>
              </value>
            </param>
          </params>
          <reporter-output>
          </reporter-output>
        </test-method> <!-- loginDD -->
        <test-method signature="loginDD(java.lang.String, java.lang.String)[pri:0, instance:Com.inetBanking_001.TestCases.TestCase_002@235ecd9f]" started-at="2021-02-09T08:17:36Z" name="loginDD" data-provider="loginData" finished-at="2021-02-09T08:17:46Z" duration-ms="9481" status="PASS">
          <params>
            <param index="0">
              <value>
                <![CDATA[mngr307844]]>
              </value>
            </param>
            <param index="1">
              <value>
                <![CDATA[dahUnYh]]>
              </value>
            </param>
          </params>
          <reporter-output>
          </reporter-output>
        </test-method> <!-- loginDD -->
        <test-method signature="loginDD(java.lang.String, java.lang.String)[pri:0, instance:Com.inetBanking_001.TestCases.TestCase_002@235ecd9f]" started-at="2021-02-09T08:17:46Z" name="loginDD" data-provider="loginData" finished-at="2021-02-09T08:17:55Z" duration-ms="9456" status="PASS">
          <params>
            <param index="0">
              <value>
                <![CDATA[mngr307844]]>
              </value>
            </param>
            <param index="1">
              <value>
                <![CDATA[dahUnYh]]>
              </value>
            </param>
          </params>
          <reporter-output>
          </reporter-output>
        </test-method> <!-- loginDD -->
        <test-method is-config="true" signature="tearDown()[pri:0, instance:Com.inetBanking_001.TestCases.TestCase_002@235ecd9f]" started-at="2021-02-09T08:17:55Z" name="tearDown" finished-at="2021-02-09T08:17:56Z" duration-ms="902" status="PASS">
          <reporter-output>
          </reporter-output>
        </test-method> <!-- tearDown -->
      </class> <!-- Com.inetBanking_001.TestCases.TestCase_002 -->
    </test> <!-- Test -->
  </suite> <!-- InetBanking -->
</testng-results>
